<?xml version="1.0" encoding="UTF-8"?>
<!-- Generated by org.testng.reporters.JUnitReportReporter -->
<testsuite hostname="NAREN" failures="0" tests="7" name="Tests.PersonalInformation" time="28.787" errors="0" timestamp="2022-01-15T17:18:25 IST" skipped="1">
  <testcase classname="Tests.PersonalInformation" name="doLogIn" time="16.094"/>
  <system-out/>
  <testcase classname="Tests.PersonalInformation" name="doLogIn" time="2.635"/>
  <system-out/>
  <testcase classname="Tests.PersonalInformation" name="getBasicPage" time="4.780"/>
  <system-out/>
  <testcase classname="Tests.PersonalInformation" name="getAdmissionsServicesMastersProductsPage" time="2.413"/>
  <system-out>
    <![CDATA[Onboarding gets clicked]]>
  </system-out>
  <testcase classname="Tests.PersonalInformation" name="clickonBoardAcademicInfoPage" time="0.219"/>
  <system-out>
    <![CDATA[Personal Information gets clicked]]>
  </system-out>
  <testcase classname="Tests.PersonalInformation" name="validateNegativeOnboardingPersonalInfo" time="2.646"/>
  <system-out>
    <![CDATA[Please fill the required field [Popup Detected]]]>
  </system-out>
  <testcase classname="Tests.PersonalInformation" name="validateOnboardingPersonalInfo">
    <skipped/>
  </testcase> <!-- validateOnboardingPersonalInfo -->
  <system-out/>
</testsuite> <!-- Tests.PersonalInformation -->
