<?xml version="1.0" encoding="UTF-8"?>
<!-- Generated by org.testng.reporters.JUnitReportReporter -->
<testsuite hostname="NAREN" failures="0" tests="2" name="Tests.Login" time="27.052" errors="0" timestamp="2022-01-15T17:18:25 IST" skipped="0">
  <testcase classname="Tests.Login" name="doLogIn" time="12.048"/>
  <system-out>
    <![CDATA[Login Successful]]>
  </system-out>
  <testcase classname="Tests.Login" name="doLogIn" time="15.004"/>
  <system-out>
    <![CDATA[Invalid Password [Popup Detected]]]>
  </system-out>
</testsuite> <!-- Tests.Login -->
